2019-02-12 20:06:15,017 INFO  [Log] ****************************** 
2019-02-12 20:06:15,017 INFO  [Log] ****************************** 
2019-02-12 20:06:15,017 INFO  [Log] $$$$$$$$$$$$$$$$$$$$$                 Find the Id's for Facebook page       $$$$$$$$$$$$$$$$$$$$$$$$$ 
2019-02-12 20:06:15,017 INFO  [Log] ****************************** 
2019-02-12 20:06:15,017 INFO  [Log] ****************************** 
2019-02-12 20:06:15,157 INFO  [Log] I am in Facebook GIVEN 
2019-02-12 20:06:18,953 INFO  [Log] I am in Facebook WHEN 
2019-02-12 20:06:19,633 INFO  [Log] I am in Facebook THEN 
2019-02-12 20:06:21,473 INFO  [Log] XXXXXXXXXXXXXXXXXXXXXXX             -E---N---D-             XXXXXXXXXXXXXXXXXXXXXX 
2019-02-12 20:06:21,473 INFO  [Log] X 
2019-02-12 20:06:21,473 INFO  [Log] X 
2019-02-12 20:06:21,473 INFO  [Log] X 
2019-02-12 20:06:21,473 INFO  [Log] X 
2019-02-12 20:42:06,997 INFO  [Log] ****************************** 
2019-02-12 20:42:07,091 INFO  [Log] ****************************** 
2019-02-12 20:42:07,091 INFO  [Log] $$$$$$$$$$$$$$$$$$$$$                 Access Facebook page       $$$$$$$$$$$$$$$$$$$$$$$$$ 
2019-02-12 20:42:07,091 INFO  [Log] ****************************** 
2019-02-12 20:42:07,091 INFO  [Log] ****************************** 
2019-02-12 20:42:07,231 INFO  [Log] I am in Facebook GIVEN 
2019-02-12 20:42:13,421 INFO  [Log] I am in Facebook WHEN 
2019-02-12 20:42:14,027 INFO  [Log] I am in Facebook THEN 
2019-02-12 20:42:14,740 INFO  [Log] XXXXXXXXXXXXXXXXXXXXXXX             -E---N---D-             XXXXXXXXXXXXXXXXXXXXXX 
2019-02-12 20:42:14,740 INFO  [Log] X 
2019-02-12 20:42:14,740 INFO  [Log] X 
2019-02-12 20:42:14,740 INFO  [Log] X 
2019-02-12 20:42:14,740 INFO  [Log] X 
2019-02-12 20:43:48,942 INFO  [Log] ****************************** 
2019-02-12 20:43:48,942 INFO  [Log] ****************************** 
2019-02-12 20:43:48,942 INFO  [Log] $$$$$$$$$$$$$$$$$$$$$                 Find the Id's for Facebook page       $$$$$$$$$$$$$$$$$$$$$$$$$ 
2019-02-12 20:43:48,942 INFO  [Log] ****************************** 
2019-02-12 20:43:48,942 INFO  [Log] ****************************** 
2019-02-12 20:43:49,192 INFO  [Log] I am in Facebook GIVEN 
2019-02-12 20:43:52,488 INFO  [Log] I am in Facebook WHEN 
2019-02-12 20:43:53,066 INFO  [Log] I am in Facebook THEN 
2019-02-12 20:43:54,276 INFO  [Log] XXXXXXXXXXXXXXXXXXXXXXX             -E---N---D-             XXXXXXXXXXXXXXXXXXXXXX 
2019-02-12 20:43:54,276 INFO  [Log] X 
2019-02-12 20:43:54,276 INFO  [Log] X 
2019-02-12 20:43:54,276 INFO  [Log] X 
2019-02-12 20:43:54,276 INFO  [Log] X 
2019-02-12 20:45:46,664 INFO  [Log] ****************************** 
2019-02-12 20:45:46,664 INFO  [Log] ****************************** 
2019-02-12 20:45:46,664 INFO  [Log] $$$$$$$$$$$$$$$$$$$$$                 Find the Id's for Facebook page       $$$$$$$$$$$$$$$$$$$$$$$$$ 
2019-02-12 20:45:46,664 INFO  [Log] ****************************** 
2019-02-12 20:45:46,664 INFO  [Log] ****************************** 
2019-02-12 20:45:46,899 INFO  [Log] I am in Facebook GIVEN 
2019-02-12 20:45:50,326 INFO  [Log] I am in Facebook WHEN 
2019-02-12 20:45:51,020 INFO  [Log] I am in Facebook THEN 
2019-02-12 20:46:01,547 INFO  [Log] XXXXXXXXXXXXXXXXXXXXXXX             -E---N---D-             XXXXXXXXXXXXXXXXXXXXXX 
2019-02-12 20:46:01,547 INFO  [Log] X 
2019-02-12 20:46:01,547 INFO  [Log] X 
2019-02-12 20:46:01,547 INFO  [Log] X 
2019-02-12 20:46:01,547 INFO  [Log] X 
2019-02-12 20:48:24,770 INFO  [Log] ****************************** 
2019-02-12 20:48:24,770 INFO  [Log] ****************************** 
2019-02-12 20:48:24,770 INFO  [Log] $$$$$$$$$$$$$$$$$$$$$                 Find the Id's for Facebook page       $$$$$$$$$$$$$$$$$$$$$$$$$ 
2019-02-12 20:48:24,770 INFO  [Log] ****************************** 
2019-02-12 20:48:24,770 INFO  [Log] ****************************** 
2019-02-12 20:48:25,004 INFO  [Log] I am in Facebook GIVEN 
2019-02-12 20:48:28,479 INFO  [Log] I am in Facebook WHEN 
2019-02-12 20:48:29,118 INFO  [Log] I am in Facebook THEN 
2019-02-12 20:48:30,723 INFO  [Log] XXXXXXXXXXXXXXXXXXXXXXX             -E---N---D-             XXXXXXXXXXXXXXXXXXXXXX 
2019-02-12 20:48:30,723 INFO  [Log] X 
2019-02-12 20:48:30,723 INFO  [Log] X 
2019-02-12 20:48:30,723 INFO  [Log] X 
2019-02-12 20:48:30,723 INFO  [Log] X 
